<?xml version="1.0" encoding="UTF-8"?>
<!-- Generated by org.testng.reporters.JUnitReportReporter -->
<testsuite skipped="0" hostname="prinhyltphp0122" name="test.SampleTest" tests="7" failures="0" timestamp="09 Jan 2020 11:20:24 GMT" time="13.553" errors="0">
  <testcase name="verify" time="0.057" classname="test.SampleTest"/>
  <testcase name="searchp1" time="1.862" classname="test.SampleTest"/>
  <testcase name="searchp2" time="4.939" classname="test.SampleTest"/>
  <testcase name="swap" time="1.462" classname="test.SampleTest"/>
  <testcase name="delete" time="1.570" classname="test.SampleTest"/>
  <testcase name="selection" time="3.372" classname="test.SampleTest"/>
  <testcase name="quit" time="0.291" classname="test.SampleTest"/>
</testsuite> <!-- test.SampleTest -->
